2025-08-27 16:03:26,560 - INFO - Загружен robots.txt с https://www.engineeringtoolbox.com/robots.txt
2025-08-27 16:03:26,560 - INFO - Запуск системного обхода сайта engineeringtoolbox.com...
2025-08-27 16:03:26,561 - INFO - ============================================================
2025-08-27 16:03:26,561 - INFO - НАЧАЛО СИСТЕМНОГО ОБХОДА САЙТА
2025-08-27 16:03:26,561 - INFO - Стартовый URL: https://www.engineeringtoolbox.com
2025-08-27 16:03:26,561 - INFO - Максимум страниц: 1
2025-08-27 16:03:26,561 - INFO - ============================================================
2025-08-27 16:03:26,562 - INFO - Собираем начальные ссылки с главной страницы...
2025-08-27 16:03:27,583 - INFO - Добавлено 69 начальных ссылок в очередь
2025-08-27 16:03:27,583 - INFO - Парсим страницу: https://www.engineeringtoolbox.com
2025-08-27 16:03:27,584 - INFO - Парсим страницу: https://www.engineeringtoolbox.com/hot-water-systems-t_29.html
2025-08-27 16:03:32,700 - INFO - ============================================================
2025-08-27 16:03:32,701 - INFO - ОБХОД САЙТА ЗАВЕРШЁН!
2025-08-27 16:03:32,701 - INFO - Всего обработано страниц: 2
2025-08-27 16:03:32,701 - INFO - Страниц с формулами: 0 (0.0%)
2025-08-27 16:03:32,701 - INFO - Всего найдено формул: 0
2025-08-27 16:03:32,701 - INFO - Ошибки: 0, Заблокировано robots.txt: 0
2025-08-27 16:03:32,701 - INFO - ============================================================
2025-08-27 16:03:32,702 - INFO - ============================================================
2025-08-27 16:03:32,702 - INFO - РЕЗУЛЬТАТЫ СОХРАНЕНЫ!
2025-08-27 16:03:32,702 - INFO - Файл: engineering_formulas_complete.json
2025-08-27 16:03:32,702 - INFO - Всего формул: 0
2025-08-27 16:03:32,702 - INFO - ============================================================
2025-08-27 16:03:50,495 - INFO - Загружен robots.txt с https://www.engineeringtoolbox.com/robots.txt
2025-08-27 16:03:50,496 - INFO - Запуск системного обхода сайта engineeringtoolbox.com...
2025-08-27 16:03:50,496 - INFO - ============================================================
2025-08-27 16:03:50,496 - INFO - НАЧАЛО СИСТЕМНОГО ОБХОДА САЙТА
2025-08-27 16:03:50,496 - INFO - Стартовый URL: https://www.engineeringtoolbox.com
2025-08-27 16:03:50,496 - INFO - Максимум страниц: 10
2025-08-27 16:03:50,497 - INFO - ============================================================
2025-08-27 16:03:50,497 - INFO - Собираем начальные ссылки с главной страницы...
2025-08-27 16:03:51,511 - INFO - Добавлено 69 начальных ссылок в очередь
2025-08-27 16:03:51,511 - INFO - Парсим страницу: https://www.engineeringtoolbox.com
2025-08-27 16:03:51,512 - INFO - Парсим страницу: https://www.engineeringtoolbox.com/mathematics-t_54.html
2025-08-27 16:03:56,630 - INFO - Парсим страницу: https://www.engineeringtoolbox.com/flanges-bolts-dimensions-d_464.html
2025-08-27 16:03:56,630 - INFO - Парсим страницу: https://www.engineeringtoolbox.com/water-density-specific-weight-d_595.html
2025-08-27 16:03:58,377 - INFO - Найдена формула 'Asme/Ansi B16.5 Flanges Formula': 1 inch = 25.4 mm...
2025-08-27 16:03:59,756 - INFO - Найдено 1 формул на https://www.engineeringtoolbox.com/flanges-bolts-dimensions-d_464.html
2025-08-27 16:04:01,406 - INFO - Парсим страницу: https://www.engineeringtoolbox.com/hydraulic-pneumatic-systems-t_59.html
2025-08-27 16:04:01,407 - INFO - Парсим страницу: https://www.engineeringtoolbox.com/environment-climate-meterology-t_13.html
2025-08-27 16:04:05,918 - INFO - Парсим страницу: https://www.engineeringtoolbox.com/piping-tubing-systems-t_6.html
2025-08-27 16:04:05,919 - INFO - Парсим страницу: https://www.engineeringtoolbox.com/car-costs-old-new-d_339.html
2025-08-27 16:04:10,073 - INFO - Парсим страницу: https://www.engineeringtoolbox.com/hot-air-balloon-lifting-force-d_562.html
2025-08-27 16:04:10,073 - INFO - Парсим страницу: https://www.engineeringtoolbox.com/physiology-t_31.html
2025-08-27 16:04:11,570 - INFO - Найдена формула 'Balloon Lifting Force Calculator Formula': ρc = density cold surrounding air (kg/m3, slugs /f...
2025-08-27 16:04:12,932 - INFO - Найдено 1 формул на https://www.engineeringtoolbox.com/hot-air-balloon-lifting-force-d_562.html
2025-08-27 16:04:14,372 - INFO - ============================================================
2025-08-27 16:04:14,372 - INFO - ОБХОД САЙТА ЗАВЕРШЁН!
2025-08-27 16:04:14,372 - INFO - Всего обработано страниц: 10
2025-08-27 16:04:14,373 - INFO - Страниц с формулами: 2 (20.0%)
2025-08-27 16:04:14,373 - INFO - Всего найдено формул: 2
2025-08-27 16:04:14,373 - INFO - Ошибки: 0, Заблокировано robots.txt: 0
2025-08-27 16:04:14,373 - INFO - ============================================================
2025-08-27 16:04:14,375 - INFO - ============================================================
2025-08-27 16:04:14,376 - INFO - РЕЗУЛЬТАТЫ СОХРАНЕНЫ!
2025-08-27 16:04:14,376 - INFO - Файл: engineering_formulas_complete.json
2025-08-27 16:04:14,376 - INFO - Всего формул: 2
2025-08-27 16:04:14,376 - INFO - ============================================================
